Info: Starting: Create simulation model
Info: qsys-generate C:\intelFPGA_lite\18.1\projects\anomaly_detection\dma_platform.qsys --simulation=VHDL --allow-mixed-language-simulation --output-directory=C:\intelFPGA_lite\18.1\projects\anomaly_detection\dma_platform\simulation --family="Cyclone V" --part=5CSXFC6D6F31C6
Progress: Loading anomaly_detection/dma_platform.qsys
Progress: Reading input file
Progress: Adding ARM_A9_HPS [altera_hps 18.1]
Progress: Parameterizing module ARM_A9_HPS
Progress: Adding Anomaly_Detection_Module [anomaly_detection 1.0]
Progress: Parameterizing module Anomaly_Detection_Module
Progress: Adding Change_Detection_Mem_to_Stream_DMA [altera_up_avalon_video_dma_controller 18.0]
Progress: Parameterizing module Change_Detection_Mem_to_Stream_DMA
Progress: Adding Change_Detection_Mem_to_Stream_Translator [altera_up_avalon_video_dma_ctrl_addr_trans 18.0]
Progress: Parameterizing module Change_Detection_Mem_to_Stream_Translator
Progress: Adding Change_Detection_Stream_to_Mem_DMA [altera_up_avalon_video_dma_controller 18.0]
Progress: Parameterizing module Change_Detection_Stream_to_Mem_DMA
Progress: Adding Change_Detection_Stream_to_Mem_Translator [altera_up_avalon_video_dma_ctrl_addr_trans 18.0]
Progress: Parameterizing module Change_Detection_Stream_to_Mem_Translator
Progress: Adding Edge_Detector [altera_up_avalon_video_edge_detection 18.0]
Progress: Parameterizing module Edge_Detector
Progress: Adding Grayscale_to_RGB24 [altera_up_avalon_video_csc 18.0]
Progress: Parameterizing module Grayscale_to_RGB24
Progress: Adding RGB24_to_Grayscale [altera_up_avalon_video_csc 18.0]
Progress: Parameterizing module RGB24_to_Grayscale
Progress: Adding SDRAM [altera_avalon_new_sdram_controller 18.1]
Progress: Parameterizing module SDRAM
Progress: Adding System_PLL [altera_up_avalon_sys_sdram_pll 18.0]
Progress: Parameterizing module System_PLL
Progress: Building connections
Progress: Parameterizing connections
Progress: Validating
Progress: Done reading input file
Info: dma_platform.ARM_A9_HPS: HPS Main PLL counter settings: n = 0  m = 73
Info: dma_platform.ARM_A9_HPS: HPS peripherial PLL counter settings: n = 0  m = 39
Warning: dma_platform.ARM_A9_HPS: "Configuration/HPS-to-FPGA user 0 clock frequency" (desired_cfg_clk_mhz) requested 100.0 MHz, but only achieved 97.368421 MHz
Warning: dma_platform.ARM_A9_HPS: "QSPI clock frequency" (desired_qspi_clk_mhz) requested 400.0 MHz, but only achieved 370.0 MHz
Warning: dma_platform.ARM_A9_HPS: 1 or more output clock frequencies cannot be achieved precisely, consider revising desired output clock frequencies.
Warning: dma_platform.Change_Detection_Mem_to_Stream_Translator.master: Master needs a minimum address width of 3 bits (has 2)
Warning: dma_platform.Change_Detection_Stream_to_Mem_Translator.master: Master needs a minimum address width of 3 bits (has 2)
Info: dma_platform.SDRAM: SDRAM Controller will only be supported in Quartus Prime Standard Edition in the future release.
Info: dma_platform.System_PLL: Refclk Freq: 50.0
Info: dma_platform: Generating dma_platform "dma_platform" for SIM_VHDL
Info: Interconnect is inserted between master Change_Detection_Mem_to_Stream_Translator.master and slave Change_Detection_Mem_to_Stream_DMA.avalon_dma_control_slave because the master has waitrequest signal 1 bit wide, but the slave is 0 bit wide.
Info: Interconnect is inserted between master Change_Detection_Stream_to_Mem_Translator.master and slave Change_Detection_Stream_to_Mem_DMA.avalon_dma_control_slave because the master has waitrequest signal 1 bit wide, but the slave is 0 bit wide.
Warning: ARM_A9_HPS.f2h_irq0: Cannot connect clock for irq_mapper.sender
Warning: ARM_A9_HPS.f2h_irq0: Cannot connect reset for irq_mapper.sender
Warning: ARM_A9_HPS.f2h_irq1: Cannot connect clock for irq_mapper_001.sender
Warning: ARM_A9_HPS.f2h_irq1: Cannot connect reset for irq_mapper_001.sender
Info: ARM_A9_HPS: "Running  for module: ARM_A9_HPS"
Info: ARM_A9_HPS: HPS Main PLL counter settings: n = 0  m = 73
Info: ARM_A9_HPS: HPS peripherial PLL counter settings: n = 0  m = 39
Warning: ARM_A9_HPS: "Configuration/HPS-to-FPGA user 0 clock frequency" (desired_cfg_clk_mhz) requested 100.0 MHz, but only achieved 97.368421 MHz
Warning: ARM_A9_HPS: "QSPI clock frequency" (desired_qspi_clk_mhz) requested 400.0 MHz, but only achieved 370.0 MHz
Warning: ARM_A9_HPS: 1 or more output clock frequencies cannot be achieved precisely, consider revising desired output clock frequencies.
Info: ARM_A9_HPS: "dma_platform" instantiated altera_hps "ARM_A9_HPS"
Info: Anomaly_Detection_Module: "dma_platform" instantiated anomaly_detection "Anomaly_Detection_Module"
Info: Change_Detection_Mem_to_Stream_DMA: Starting Generation of Video DMA Controller
Warning: Change_Detection_Mem_to_Stream_DMA: No files generated for fileset SIM_VHDL
Info: Change_Detection_Mem_to_Stream_DMA: "dma_platform" instantiated altera_up_avalon_video_dma_controller "Change_Detection_Mem_to_Stream_DMA"
Info: Change_Detection_Mem_to_Stream_Translator: "dma_platform" instantiated altera_up_avalon_video_dma_ctrl_addr_trans "Change_Detection_Mem_to_Stream_Translator"
Info: Change_Detection_Stream_to_Mem_DMA: Starting Generation of Video DMA Controller
Warning: Change_Detection_Stream_to_Mem_DMA: No files generated for fileset SIM_VHDL
Info: Change_Detection_Stream_to_Mem_DMA: "dma_platform" instantiated altera_up_avalon_video_dma_controller "Change_Detection_Stream_to_Mem_DMA"
Info: SDRAM: Starting RTL generation for module 'dma_platform_SDRAM'
Info: SDRAM:   Generation command is [exec C:/intelfpga_lite/18.1/quartus/bin64/perl/bin/perl.exe -I C:/intelfpga_lite/18.1/quartus/bin64/perl/lib -I C:/intelfpga_lite/18.1/quartus/sopc_builder/bin/europa -I C:/intelfpga_lite/18.1/quartus/sopc_builder/bin/perl_lib -I C:/intelfpga_lite/18.1/quartus/sopc_builder/bin -I C:/intelfpga_lite/18.1/quartus/../ip/altera/sopc_builder_ip/common -I C:/intelfpga_lite/18.1/quartus/../ip/altera/sopc_builder_ip/altera_avalon_new_sdram_controller -- C:/intelfpga_lite/18.1/quartus/../ip/altera/sopc_builder_ip/altera_avalon_new_sdram_controller/generate_rtl.pl --name=dma_platform_SDRAM --dir=C:/Users/webbe/AppData/Local/Temp/alt0063_6179771992452604752.dir/0006_SDRAM_gen/ --quartus_dir=C:/intelfpga_lite/18.1/quartus --vhdl --config=C:/Users/webbe/AppData/Local/Temp/alt0063_6179771992452604752.dir/0006_SDRAM_gen//dma_platform_SDRAM_component_configuration.pl  --do_build_sim=1    --sim_dir=C:/Users/webbe/AppData/Local/Temp/alt0063_6179771992452604752.dir/0006_SDRAM_gen/  ]
Info: SDRAM: Done RTL generation for module 'dma_platform_SDRAM'
Info: SDRAM: "dma_platform" instantiated altera_avalon_new_sdram_controller "SDRAM"
Info: System_PLL: "dma_platform" instantiated altera_up_avalon_sys_sdram_pll "System_PLL"
Info: avalon_st_adapter: Inserting error_adapter: error_adapter_0
Info: mm_interconnect_0: "dma_platform" instantiated altera_mm_interconnect "mm_interconnect_0"
Info: avalon_st_adapter: Inserting error_adapter: error_adapter_0
Info: avalon_st_adapter_001: Inserting error_adapter: error_adapter_0
Info: mm_interconnect_1: "dma_platform" instantiated altera_mm_interconnect "mm_interconnect_1"
Info: mm_interconnect_2: "dma_platform" instantiated altera_mm_interconnect "mm_interconnect_2"
Info: mm_interconnect_3: "dma_platform" instantiated altera_mm_interconnect "mm_interconnect_3"
Info: irq_mapper: "dma_platform" instantiated altera_irq_mapper "irq_mapper"
Info: rst_controller: "dma_platform" instantiated altera_reset_controller "rst_controller"
Info: fpga_interfaces: "ARM_A9_HPS" instantiated altera_interface_generator "fpga_interfaces"
Info: hps_io: "ARM_A9_HPS" instantiated altera_hps_io "hps_io"
Info: sys_pll: Generating simgen model
Info: sys_pll: Info: ******************************************************************* Info: Running Quartus Prime Shell     Info: Version 18.1.0 Build 625 09/12/2018 SJ Lite Edition     Info: Copyright (C) 2018  Intel Corporation. All rights reserved.     Info: Your use of Intel Corporation's design tools, logic functions      Info: and other software and tools, and its AMPP partner logic      Info: functions, and any output files from any of the foregoing      Info: (including device programming or simulation files), and any      Info: associated documentation or information are expressly subject      Info: to the terms and conditions of the Intel Program License      Info: Subscription Agreement, the Intel Quartus Prime License Agreement,     Info: the Intel FPGA IP License Agreement, or other applicable license     Info: agreement, including, without limitation, that your use is for     Info: the sole purpose of programming logic devices manufactured by     Info: Intel and sold by Intel or its authorized distributors.  Please     Info: refer to the applicable agreement for further details.     Info: Processing started: Fri Dec 06 15:35:00 2024 Info: Command: quartus_sh -t run_simgen_cmd.tcl Info: ******************************************************************* Info: Running Quartus Prime Analysis & Synthesis     Info: Version 18.1.0 Build 625 09/12/2018 SJ Lite Edition     Info: Copyright (C) 2018  Intel Corporation. All rights reserved.     Info: Your use of Intel Corporation's design tools, logic functions      Info: and other software and tools, and its AMPP partner logic      Info: functions, and any output files from any of the foregoing      Info: (including device programming or simulation files), and any      Info: associated documentation or information are expressly subject      Info: to the terms and conditions of the Intel Program License      Info: Subscription Agreement, the Intel Quartus Prime License Agreement,     Info: the Intel FPGA IP License Agreement, or other applicable license     Info: agreement, including, without limitation, that your use is for     Info: the sole purpose of programming logic devices manufactured by     Info: Intel and sold by Intel or its authorized distributors.  Please     Info: refer to the applicable agreement for further details.     Info: Processing started: Fri Dec 06 15:35:01 2024 Info: Command: quartus_map dma_platform_System_PLL_sys_pll.qpf --simgen --ini=disable_check_quartus_compatibility_qsys_only=on --simgen_parameter=CBX_HDL_LANGUAGE=VHDL Info (20034): Auto device selection is not supported for Cyclone V device family. The default device, 5CGXFC7C7F23C8, is set. Warning (18236): Number of processors has not been specified which may cause overloading on shared machines.  Set the global assignment NUM_PARALLEL_PROCESSORS in your QSF to an appropriate value for best performance. Info (20030): Parallel compilation is enabled and will use 16 of the 16 processors detected Info (12021): Found 1 design units, including 1 entities, in source file dma_platform_system_pll_sys_pll.v     Info (12023): Found entity 1: dma_platform_System_PLL_sys_pll File: C:/Users/webbe/AppData/Local/Temp/alt0063_6179771992452604752.dir/0010_sys_pll_gen/dma_platform_System_PLL_sys_pll.v Line: 2 Info (12127): Elaborating entity "dma_platform_System_PLL_sys_pll" for the top level hierarchy Info (12128): Elaborating entity "altera_pll" for hierarchy "altera_pll:altera_pll_i" File: C:/Users/webbe/AppData/Local/Temp/alt0063_6179771992452604752.dir/0010_sys_pll_gen/dma_platform_System_PLL_sys_pll.v Line: 88 Info (10008): Verilog HDL or VHDL information: EDA Netlist Writer cannot regroup multidimensional array "wire_to_nowhere_64" into its bus Info (12130): Elaborated megafunction instantiation "altera_pll:altera_pll_i" File: C:/Users/webbe/AppData/Local/Temp/alt0063_6179771992452604752.dir/0010_sys_pll_gen/dma_platform_System_PLL_sys_pll.v Line: 88 Info (12133): Instantiated megafunction "altera_pll:altera_pll_i" with the following parameter: File: C:/Users/webbe/AppData/Local/Temp/alt0063_6179771992452604752.dir/0010_sys_pll_gen/dma_platform_System_PLL_sys_pll.v Line: 88     Info (12134): Parameter "fractional_vco_multiplier" = "false"     Info (12134): Parameter "reference_clock_frequency" = "50.0 MHz"     Info (12134): Parameter "operation_mode" = "direct"     Info (12134): Parameter "number_of_clocks" = "2"     Info (12134): Parameter "output_clock_frequency0" = "100.000000 MHz"     Info (12134): Parameter "phase_shift0" = "0 ps"     Info (12134): Parameter "duty_cycle0" = "50"     Info (12134): Parameter "output_clock_frequency1" = "100.000000 MHz"     Info (12134): Parameter "phase_shift1" = "-3000 ps"     Info (12134): Parameter "duty_cycle1" = "50"     Info (12134): Parameter "output_clock_frequency2" = "0 MHz"     Info (12134): Parameter "phase_shift2" = "0 ps"     Info (12134): Parameter "duty_cycle2" = "50"     Info (12134): Parameter "output_clock_frequency3" = "0 MHz"     Info (12134): Parameter "phase_shift3" = "0 ps"     Info (12134): Parameter "duty_cycle3" = "50"     Info (12134): Parameter "output_clock_frequency4" = "0 MHz"     Info (12134): Parameter "phase_shift4" = "0 ps"     Info (12134): Parameter "duty_cycle4" = "50"     Info (12134): Parameter "output_clock_frequency5" = "0 MHz"     Info (12134): Parameter "phase_shift5" = "0 ps"     Info (12134): Parameter "duty_cycle5" = "50"     Info (12134): Parameter "output_clock_frequency6" = "0 MHz"     Info (12134): Parameter "phase_shift6" = "0 ps"     Info (12134): Parameter "duty_cycle6" = "50"     Info (12134): Parameter "output_clock_frequency7" = "0 MHz"     Info (12134): Parameter "phase_shift7" = "0 ps"     Info (12134): Parameter "duty_cycle7" = "50"     Info (12134): Parameter "output_clock_frequency8" = "0 MHz"     Info (12134): Parameter "phase_shift8" = "0 ps"     Info (12134): Parameter "duty_cycle8" = "50"     Info (12134): Parameter "output_clock_frequency9" = "0 MHz"     Info (12134): Parameter "phase_shift9" = "0 ps"     Info (12134): Parameter "duty_cycle9" = "50"     Info (12134): Parameter "output_clock_frequency10" = "0 MHz"     Info (12134): Parameter "phase_shift10" = "0 ps"     Info (12134): Parameter "duty_cycle10" = "50"     Info (12134): Parameter "output_clock_frequency11" = "0 MHz"     Info (12134): Parameter "phase_shift11" = "0 ps"     Info (12134): Parameter "duty_cycle11" = "50"     Info (12134): Parameter "output_clock_frequency12" = "0 MHz"     Info (12134): Parameter "phase_shift12" = "0 ps"     Info (12134): Parameter "duty_cycle12" = "50"     Info (12134): Parameter "output_clock_frequency13" = "0 MHz"     Info (12134): Parameter "phase_shift13" = "0 ps"     Info (12134): Parameter "duty_cycle13" = "50"     Info (12134): Parameter "output_clock_frequency14" = "0 MHz"     Info (12134): Parameter "phase_shift14" = "0 ps"     Info (12134): Parameter "duty_cycle14" = "50"     Info (12134): Parameter "output_clock_frequency15" = "0 MHz"     Info (12134): Parameter "phase_shift15" = "0 ps"     Info (12134): Parameter "duty_cycle15" = "50"     Info (12134): Parameter "output_clock_frequency16" = "0 MHz"     Info (12134): Parameter "phase_shift16" = "0 ps"     Info (12134): Parameter "duty_cycle16" = "50"     Info (12134): Parameter "output_clock_frequency17" = "0 MHz"     Info (12134): Parameter "phase_shift17" = "0 ps"     Info (12134): Parameter "duty_cycle17" = "50"     Info (12134): Parameter "pll_type" = "General"     Info (12134): Parameter "pll_subtype" = "General" Info (281010): Generating sgate simulator netlist using Simgen SIMGEN_PROGRESS Start of Model generation -- 0% complete SIMGEN_PROGRESS Phase 1 : Internal Objects created -- 25% complete SIMGEN_PROGRESS Phase 2 : Connections between internal objects made -- 60% complete SIMGEN_PROGRESS Phase 3 : Netlist generated -- 100% complete Info: Quartus Prime Analysis & Synthesis was successful. 0 errors, 1 warning     Info: Peak virtual memory: 4781 megabytes     Info: Processing ended: Fri Dec 06 15:35:16 2024     Info: Elapsed time: 00:00:15     Info: Total CPU time (on all processors): 00:00:03 Info (23030): Evaluation of Tcl script run_simgen_cmd.tcl was successful Info: Quartus Prime Shell was successful. 0 errors, 0 warnings     Info: Peak virtual memory: 4650 megabytes     Info: Processing ended: Fri Dec 06 15:35:16 2024     Info: Elapsed time: 00:00:16     Info: Total CPU time (on all processors): 00:00:04
Info: sys_pll: Simgen was successful
Info: sys_pll: "System_PLL" instantiated altera_pll "sys_pll"
Info: reset_from_locked: "System_PLL" instantiated altera_up_avalon_reset_from_locked_signal "reset_from_locked"
Info: Change_Detection_Mem_to_Stream_DMA_avalon_dma_master_translator: "mm_interconnect_0" instantiated altera_merlin_master_translator "Change_Detection_Mem_to_Stream_DMA_avalon_dma_master_translator"
Info: SDRAM_s1_translator: "mm_interconnect_0" instantiated altera_merlin_slave_translator "SDRAM_s1_translator"
Info: ARM_A9_HPS_h2f_axi_master_agent: "mm_interconnect_0" instantiated altera_merlin_axi_master_ni "ARM_A9_HPS_h2f_axi_master_agent"
Info: Change_Detection_Mem_to_Stream_DMA_avalon_dma_master_agent: "mm_interconnect_0" instantiated altera_merlin_master_agent "Change_Detection_Mem_to_Stream_DMA_avalon_dma_master_agent"
Info: SDRAM_s1_agent: "mm_interconnect_0" instantiated altera_merlin_slave_agent "SDRAM_s1_agent"
Info: SDRAM_s1_agent_rsp_fifo: "mm_interconnect_0" instantiated altera_avalon_sc_fifo "SDRAM_s1_agent_rsp_fifo"
Info: router: "mm_interconnect_0" instantiated altera_merlin_router "router"
Info: router_002: "mm_interconnect_0" instantiated altera_merlin_router "router_002"
Info: router_004: "mm_interconnect_0" instantiated altera_merlin_router "router_004"
Info: SDRAM_s1_burst_adapter: "mm_interconnect_0" instantiated altera_merlin_burst_adapter "SDRAM_s1_burst_adapter"
Info: Reusing file C:/intelFPGA_lite/18.1/projects/anomaly_detection/dma_platform/simulation/submodules/altera_merlin_address_alignment.sv
Info: cmd_demux: "mm_interconnect_0" instantiated altera_merlin_demultiplexer "cmd_demux"
Info: cmd_mux: "mm_interconnect_0" instantiated altera_merlin_multiplexer "cmd_mux"
Info: rsp_demux: "mm_interconnect_0" instantiated altera_merlin_demultiplexer "rsp_demux"
Info: rsp_mux: "mm_interconnect_0" instantiated altera_merlin_multiplexer "rsp_mux"
Info: Reusing file C:/intelFPGA_lite/18.1/projects/anomaly_detection/dma_platform/simulation/submodules/altera_merlin_arbitrator.sv
Info: ARM_A9_HPS_h2f_axi_master_wr_rsp_width_adapter: "mm_interconnect_0" instantiated altera_merlin_width_adapter "ARM_A9_HPS_h2f_axi_master_wr_rsp_width_adapter"
Info: Reusing file C:/intelFPGA_lite/18.1/projects/anomaly_detection/dma_platform/simulation/submodules/altera_merlin_address_alignment.sv
Info: Reusing file C:/intelFPGA_lite/18.1/projects/anomaly_detection/dma_platform/simulation/submodules/altera_merlin_burst_uncompressor.sv
Info: avalon_st_adapter: "mm_interconnect_0" instantiated altera_avalon_st_adapter "avalon_st_adapter"
Info: router: "mm_interconnect_1" instantiated altera_merlin_router "router"
Info: router_002: "mm_interconnect_1" instantiated altera_merlin_router "router_002"
Info: ARM_A9_HPS_h2f_lw_axi_master_wr_limiter: "mm_interconnect_1" instantiated altera_merlin_traffic_limiter "ARM_A9_HPS_h2f_lw_axi_master_wr_limiter"
Info: Reusing file C:/intelFPGA_lite/18.1/projects/anomaly_detection/dma_platform/simulation/submodules/altera_avalon_sc_fifo.v
Info: Reusing file C:/intelFPGA_lite/18.1/projects/anomaly_detection/dma_platform/simulation/submodules/altera_avalon_st_pipeline_base.v
Info: cmd_demux: "mm_interconnect_1" instantiated altera_merlin_demultiplexer "cmd_demux"
Info: cmd_mux: "mm_interconnect_1" instantiated altera_merlin_multiplexer "cmd_mux"
Info: Reusing file C:/intelFPGA_lite/18.1/projects/anomaly_detection/dma_platform/simulation/submodules/altera_merlin_arbitrator.sv
Info: rsp_demux: "mm_interconnect_1" instantiated altera_merlin_demultiplexer "rsp_demux"
Info: rsp_mux: "mm_interconnect_1" instantiated altera_merlin_multiplexer "rsp_mux"
Info: Reusing file C:/intelFPGA_lite/18.1/projects/anomaly_detection/dma_platform/simulation/submodules/altera_merlin_arbitrator.sv
Info: avalon_st_adapter: "mm_interconnect_1" instantiated altera_avalon_st_adapter "avalon_st_adapter"
Info: border: "hps_io" instantiated altera_interface_generator "border"
Info: Reusing file C:/intelFPGA_lite/18.1/projects/anomaly_detection/dma_platform/simulation/submodules/verbosity_pkg.sv
Info: Reusing file C:/intelFPGA_lite/18.1/projects/anomaly_detection/dma_platform/simulation/submodules/avalon_utilities_pkg.sv
Info: Reusing file C:/intelFPGA_lite/18.1/projects/anomaly_detection/dma_platform/simulation/submodules/avalon_mm_pkg.sv
Info: Reusing file C:/intelFPGA_lite/18.1/projects/anomaly_detection/dma_platform/simulation/submodules/altera_avalon_mm_slave_bfm.sv
Info: Reusing file C:/intelFPGA_lite/18.1/projects/anomaly_detection/dma_platform/simulation/submodules/altera_avalon_interrupt_sink.sv
Info: Reusing file C:/intelFPGA_lite/18.1/projects/anomaly_detection/dma_platform/simulation/submodules/altera_avalon_clock_source.sv
Info: Reusing file C:/intelFPGA_lite/18.1/projects/anomaly_detection/dma_platform/simulation/submodules/altera_avalon_reset_source.sv
Info: error_adapter_0: "avalon_st_adapter" instantiated error_adapter "error_adapter_0"
Info: error_adapter_0: "avalon_st_adapter" instantiated error_adapter "error_adapter_0"
Info: dma_platform: Done "dma_platform" with 45 modules, 74 files
Info: qsys-generate succeeded.
Info: Finished: Create simulation model
Info: Starting: Create Modelsim Project.
Info: sim-script-gen --spd=C:\intelFPGA_lite\18.1\projects\anomaly_detection\dma_platform\dma_platform.spd --output-directory=C:/intelFPGA_lite/18.1/projects/anomaly_detection/dma_platform/simulation/ --use-relative-paths=true
Info: Doing: ip-make-simscript --spd=C:\intelFPGA_lite\18.1\projects\anomaly_detection\dma_platform\dma_platform.spd --output-directory=C:/intelFPGA_lite/18.1/projects/anomaly_detection/dma_platform/simulation/ --use-relative-paths=true
Info: Generating the following file(s) for MODELSIM simulator in C:/intelFPGA_lite/18.1/projects/anomaly_detection/dma_platform/simulation/ directory:
Info: 	mentor/msim_setup.tcl
Info: Skipping VCS script generation since VHDL file $QUARTUS_INSTALL_DIR/eda/sim_lib/altera_syn_attributes.vhd is required for simulation
Info: Generating the following file(s) for VCSMX simulator in C:/intelFPGA_lite/18.1/projects/anomaly_detection/dma_platform/simulation/ directory:
Info: 	synopsys/vcsmx/synopsys_sim.setup
Info: 	synopsys/vcsmx/vcsmx_setup.sh
Info: Generating the following file(s) for NCSIM simulator in C:/intelFPGA_lite/18.1/projects/anomaly_detection/dma_platform/simulation/ directory:
Info: 	cadence/cds.lib
Info: 	cadence/hdl.var
Info: 	cadence/ncsim_setup.sh
Info: 	35 .cds.lib files in cadence/cds_libs/ directory
Info: Generating the following file(s) for RIVIERA simulator in C:/intelFPGA_lite/18.1/projects/anomaly_detection/dma_platform/simulation/ directory:
Info: 	aldec/rivierapro_setup.tcl
Info: For information on how to simulate your IP, see the explanatory comments in the simulator-specific subdirectories under C:/intelFPGA_lite/18.1/projects/anomaly_detection/dma_platform/simulation/.
Info: Regenerate these scripts whenever you make any change to any Quartus-generated IP in your project.
Info: Finished: Create Modelsim Project.
Info: Starting: Create block symbol file (.bsf)
Info: qsys-generate C:\intelFPGA_lite\18.1\projects\anomaly_detection\dma_platform.qsys --block-symbol-file --output-directory=C:\intelFPGA_lite\18.1\projects\anomaly_detection\dma_platform --family="Cyclone V" --part=5CSXFC6D6F31C6
Progress: Loading anomaly_detection/dma_platform.qsys
Progress: Reading input file
Progress: Adding ARM_A9_HPS [altera_hps 18.1]
Progress: Parameterizing module ARM_A9_HPS
Progress: Adding Anomaly_Detection_Module [anomaly_detection 1.0]
Progress: Parameterizing module Anomaly_Detection_Module
Progress: Adding Change_Detection_Mem_to_Stream_DMA [altera_up_avalon_video_dma_controller 18.0]
Progress: Parameterizing module Change_Detection_Mem_to_Stream_DMA
Progress: Adding Change_Detection_Mem_to_Stream_Translator [altera_up_avalon_video_dma_ctrl_addr_trans 18.0]
Progress: Parameterizing module Change_Detection_Mem_to_Stream_Translator
Progress: Adding Change_Detection_Stream_to_Mem_DMA [altera_up_avalon_video_dma_controller 18.0]
Progress: Parameterizing module Change_Detection_Stream_to_Mem_DMA
Progress: Adding Change_Detection_Stream_to_Mem_Translator [altera_up_avalon_video_dma_ctrl_addr_trans 18.0]
Progress: Parameterizing module Change_Detection_Stream_to_Mem_Translator
Progress: Adding Edge_Detector [altera_up_avalon_video_edge_detection 18.0]
Progress: Parameterizing module Edge_Detector
Progress: Adding Grayscale_to_RGB24 [altera_up_avalon_video_csc 18.0]
Progress: Parameterizing module Grayscale_to_RGB24
Progress: Adding RGB24_to_Grayscale [altera_up_avalon_video_csc 18.0]
Progress: Parameterizing module RGB24_to_Grayscale
Progress: Adding SDRAM [altera_avalon_new_sdram_controller 18.1]
Progress: Parameterizing module SDRAM
Progress: Adding System_PLL [altera_up_avalon_sys_sdram_pll 18.0]
Progress: Parameterizing module System_PLL
Progress: Building connections
Progress: Parameterizing connections
Progress: Validating
Progress: Done reading input file
Info: dma_platform.ARM_A9_HPS: HPS Main PLL counter settings: n = 0  m = 73
Info: dma_platform.ARM_A9_HPS: HPS peripherial PLL counter settings: n = 0  m = 39
Warning: dma_platform.ARM_A9_HPS: "Configuration/HPS-to-FPGA user 0 clock frequency" (desired_cfg_clk_mhz) requested 100.0 MHz, but only achieved 97.368421 MHz
Warning: dma_platform.ARM_A9_HPS: "QSPI clock frequency" (desired_qspi_clk_mhz) requested 400.0 MHz, but only achieved 370.0 MHz
Warning: dma_platform.ARM_A9_HPS: 1 or more output clock frequencies cannot be achieved precisely, consider revising desired output clock frequencies.
Warning: dma_platform.Change_Detection_Mem_to_Stream_Translator.master: Master needs a minimum address width of 3 bits (has 2)
Warning: dma_platform.Change_Detection_Stream_to_Mem_Translator.master: Master needs a minimum address width of 3 bits (has 2)
Info: dma_platform.SDRAM: SDRAM Controller will only be supported in Quartus Prime Standard Edition in the future release.
Info: dma_platform.System_PLL: Refclk Freq: 50.0
Info: qsys-generate succeeded.
Info: Finished: Create block symbol file (.bsf)
Info: 
Info: Starting: Create HDL design files for synthesis
Info: qsys-generate C:\intelFPGA_lite\18.1\projects\anomaly_detection\dma_platform.qsys --synthesis=VHDL --greybox --output-directory=C:\intelFPGA_lite\18.1\projects\anomaly_detection\dma_platform\synthesis --family="Cyclone V" --part=5CSXFC6D6F31C6
Progress: Loading anomaly_detection/dma_platform.qsys
Progress: Reading input file
Progress: Adding ARM_A9_HPS [altera_hps 18.1]
Progress: Parameterizing module ARM_A9_HPS
Progress: Adding Anomaly_Detection_Module [anomaly_detection 1.0]
Progress: Parameterizing module Anomaly_Detection_Module
Progress: Adding Change_Detection_Mem_to_Stream_DMA [altera_up_avalon_video_dma_controller 18.0]
Progress: Parameterizing module Change_Detection_Mem_to_Stream_DMA
Progress: Adding Change_Detection_Mem_to_Stream_Translator [altera_up_avalon_video_dma_ctrl_addr_trans 18.0]
Progress: Parameterizing module Change_Detection_Mem_to_Stream_Translator
Progress: Adding Change_Detection_Stream_to_Mem_DMA [altera_up_avalon_video_dma_controller 18.0]
Progress: Parameterizing module Change_Detection_Stream_to_Mem_DMA
Progress: Adding Change_Detection_Stream_to_Mem_Translator [altera_up_avalon_video_dma_ctrl_addr_trans 18.0]
Progress: Parameterizing module Change_Detection_Stream_to_Mem_Translator
Progress: Adding Edge_Detector [altera_up_avalon_video_edge_detection 18.0]
Progress: Parameterizing module Edge_Detector
Progress: Adding Grayscale_to_RGB24 [altera_up_avalon_video_csc 18.0]
Progress: Parameterizing module Grayscale_to_RGB24
Progress: Adding RGB24_to_Grayscale [altera_up_avalon_video_csc 18.0]
Progress: Parameterizing module RGB24_to_Grayscale
Progress: Adding SDRAM [altera_avalon_new_sdram_controller 18.1]
Progress: Parameterizing module SDRAM
Progress: Adding System_PLL [altera_up_avalon_sys_sdram_pll 18.0]
Progress: Parameterizing module System_PLL
Progress: Building connections
Progress: Parameterizing connections
Progress: Validating
Progress: Done reading input file
Info: dma_platform.ARM_A9_HPS: HPS Main PLL counter settings: n = 0  m = 73
Info: dma_platform.ARM_A9_HPS: HPS peripherial PLL counter settings: n = 0  m = 39
Warning: dma_platform.ARM_A9_HPS: "Configuration/HPS-to-FPGA user 0 clock frequency" (desired_cfg_clk_mhz) requested 100.0 MHz, but only achieved 97.368421 MHz
Warning: dma_platform.ARM_A9_HPS: "QSPI clock frequency" (desired_qspi_clk_mhz) requested 400.0 MHz, but only achieved 370.0 MHz
Warning: dma_platform.ARM_A9_HPS: 1 or more output clock frequencies cannot be achieved precisely, consider revising desired output clock frequencies.
Warning: dma_platform.Change_Detection_Mem_to_Stream_Translator.master: Master needs a minimum address width of 3 bits (has 2)
Warning: dma_platform.Change_Detection_Stream_to_Mem_Translator.master: Master needs a minimum address width of 3 bits (has 2)
Info: dma_platform.SDRAM: SDRAM Controller will only be supported in Quartus Prime Standard Edition in the future release.
Info: dma_platform.System_PLL: Refclk Freq: 50.0
Info: dma_platform: Generating dma_platform "dma_platform" for QUARTUS_SYNTH
Info: Interconnect is inserted between master Change_Detection_Mem_to_Stream_Translator.master and slave Change_Detection_Mem_to_Stream_DMA.avalon_dma_control_slave because the master has waitrequest signal 1 bit wide, but the slave is 0 bit wide.
Info: Interconnect is inserted between master Change_Detection_Stream_to_Mem_Translator.master and slave Change_Detection_Stream_to_Mem_DMA.avalon_dma_control_slave because the master has waitrequest signal 1 bit wide, but the slave is 0 bit wide.
Warning: ARM_A9_HPS.f2h_irq0: Cannot connect clock for irq_mapper.sender
Warning: ARM_A9_HPS.f2h_irq0: Cannot connect reset for irq_mapper.sender
Warning: ARM_A9_HPS.f2h_irq1: Cannot connect clock for irq_mapper_001.sender
Warning: ARM_A9_HPS.f2h_irq1: Cannot connect reset for irq_mapper_001.sender
Info: ARM_A9_HPS: "Running  for module: ARM_A9_HPS"
Info: ARM_A9_HPS: HPS Main PLL counter settings: n = 0  m = 73
Info: ARM_A9_HPS: HPS peripherial PLL counter settings: n = 0  m = 39
Warning: ARM_A9_HPS: "Configuration/HPS-to-FPGA user 0 clock frequency" (desired_cfg_clk_mhz) requested 100.0 MHz, but only achieved 97.368421 MHz
Warning: ARM_A9_HPS: "QSPI clock frequency" (desired_qspi_clk_mhz) requested 400.0 MHz, but only achieved 370.0 MHz
Warning: ARM_A9_HPS: 1 or more output clock frequencies cannot be achieved precisely, consider revising desired output clock frequencies.
Info: ARM_A9_HPS: "dma_platform" instantiated altera_hps "ARM_A9_HPS"
Info: Anomaly_Detection_Module: "dma_platform" instantiated anomaly_detection "Anomaly_Detection_Module"
Info: Change_Detection_Mem_to_Stream_DMA: Starting Generation of Video DMA Controller
Info: Change_Detection_Mem_to_Stream_DMA: "dma_platform" instantiated altera_up_avalon_video_dma_controller "Change_Detection_Mem_to_Stream_DMA"
Info: Change_Detection_Mem_to_Stream_Translator: "dma_platform" instantiated altera_up_avalon_video_dma_ctrl_addr_trans "Change_Detection_Mem_to_Stream_Translator"
Info: Change_Detection_Stream_to_Mem_DMA: Starting Generation of Video DMA Controller
Info: Change_Detection_Stream_to_Mem_DMA: "dma_platform" instantiated altera_up_avalon_video_dma_controller "Change_Detection_Stream_to_Mem_DMA"
Info: Reusing file C:/intelFPGA_lite/18.1/projects/anomaly_detection/dma_platform/synthesis/submodules/altera_up_video_dma_control_slave.v
Info: Reusing file C:/intelFPGA_lite/18.1/projects/anomaly_detection/dma_platform/synthesis/submodules/altera_up_video_dma_to_memory.v
Info: Reusing file C:/intelFPGA_lite/18.1/projects/anomaly_detection/dma_platform/synthesis/submodules/altera_up_video_dma_to_stream.v
Info: SDRAM: Starting RTL generation for module 'dma_platform_SDRAM'
Info: SDRAM:   Generation command is [exec C:/intelfpga_lite/18.1/quartus/bin64/perl/bin/perl.exe -I C:/intelfpga_lite/18.1/quartus/bin64/perl/lib -I C:/intelfpga_lite/18.1/quartus/sopc_builder/bin/europa -I C:/intelfpga_lite/18.1/quartus/sopc_builder/bin/perl_lib -I C:/intelfpga_lite/18.1/quartus/sopc_builder/bin -I C:/intelfpga_lite/18.1/quartus/../ip/altera/sopc_builder_ip/common -I C:/intelfpga_lite/18.1/quartus/../ip/altera/sopc_builder_ip/altera_avalon_new_sdram_controller -- C:/intelfpga_lite/18.1/quartus/../ip/altera/sopc_builder_ip/altera_avalon_new_sdram_controller/generate_rtl.pl --name=dma_platform_SDRAM --dir=C:/Users/webbe/AppData/Local/Temp/alt0063_6179771992452604752.dir/0042_SDRAM_gen/ --quartus_dir=C:/intelfpga_lite/18.1/quartus --verilog --config=C:/Users/webbe/AppData/Local/Temp/alt0063_6179771992452604752.dir/0042_SDRAM_gen//dma_platform_SDRAM_component_configuration.pl  --do_build_sim=0  ]
Info: SDRAM: Done RTL generation for module 'dma_platform_SDRAM'
Info: SDRAM: "dma_platform" instantiated altera_avalon_new_sdram_controller "SDRAM"
Info: System_PLL: "dma_platform" instantiated altera_up_avalon_sys_sdram_pll "System_PLL"
Info: avalon_st_adapter: Inserting error_adapter: error_adapter_0
Info: mm_interconnect_0: "dma_platform" instantiated altera_mm_interconnect "mm_interconnect_0"
Info: avalon_st_adapter: Inserting error_adapter: error_adapter_0
Info: avalon_st_adapter_001: Inserting error_adapter: error_adapter_0
Info: mm_interconnect_1: "dma_platform" instantiated altera_mm_interconnect "mm_interconnect_1"
Info: mm_interconnect_2: "dma_platform" instantiated altera_mm_interconnect "mm_interconnect_2"
Info: mm_interconnect_3: "dma_platform" instantiated altera_mm_interconnect "mm_interconnect_3"
Info: irq_mapper: "dma_platform" instantiated altera_irq_mapper "irq_mapper"
Info: rst_controller: "dma_platform" instantiated altera_reset_controller "rst_controller"
Info: fpga_interfaces: "ARM_A9_HPS" instantiated altera_interface_generator "fpga_interfaces"
Info: hps_io: "ARM_A9_HPS" instantiated altera_hps_io "hps_io"
Info: sys_pll: "System_PLL" instantiated altera_pll "sys_pll"
Info: reset_from_locked: "System_PLL" instantiated altera_up_avalon_reset_from_locked_signal "reset_from_locked"
Info: Change_Detection_Mem_to_Stream_DMA_avalon_dma_master_translator: "mm_interconnect_0" instantiated altera_merlin_master_translator "Change_Detection_Mem_to_Stream_DMA_avalon_dma_master_translator"
Info: SDRAM_s1_translator: "mm_interconnect_0" instantiated altera_merlin_slave_translator "SDRAM_s1_translator"
Info: ARM_A9_HPS_h2f_axi_master_agent: "mm_interconnect_0" instantiated altera_merlin_axi_master_ni "ARM_A9_HPS_h2f_axi_master_agent"
Info: Change_Detection_Mem_to_Stream_DMA_avalon_dma_master_agent: "mm_interconnect_0" instantiated altera_merlin_master_agent "Change_Detection_Mem_to_Stream_DMA_avalon_dma_master_agent"
Info: SDRAM_s1_agent: "mm_interconnect_0" instantiated altera_merlin_slave_agent "SDRAM_s1_agent"
Info: SDRAM_s1_agent_rsp_fifo: "mm_interconnect_0" instantiated altera_avalon_sc_fifo "SDRAM_s1_agent_rsp_fifo"
Info: router: "mm_interconnect_0" instantiated altera_merlin_router "router"
Info: router_002: "mm_interconnect_0" instantiated altera_merlin_router "router_002"
Info: router_004: "mm_interconnect_0" instantiated altera_merlin_router "router_004"
Info: SDRAM_s1_burst_adapter: "mm_interconnect_0" instantiated altera_merlin_burst_adapter "SDRAM_s1_burst_adapter"
Info: Reusing file C:/intelFPGA_lite/18.1/projects/anomaly_detection/dma_platform/synthesis/submodules/altera_merlin_address_alignment.sv
Info: cmd_demux: "mm_interconnect_0" instantiated altera_merlin_demultiplexer "cmd_demux"
Info: cmd_mux: "mm_interconnect_0" instantiated altera_merlin_multiplexer "cmd_mux"
Info: rsp_demux: "mm_interconnect_0" instantiated altera_merlin_demultiplexer "rsp_demux"
Info: rsp_mux: "mm_interconnect_0" instantiated altera_merlin_multiplexer "rsp_mux"
Info: Reusing file C:/intelFPGA_lite/18.1/projects/anomaly_detection/dma_platform/synthesis/submodules/altera_merlin_arbitrator.sv
Info: ARM_A9_HPS_h2f_axi_master_wr_rsp_width_adapter: "mm_interconnect_0" instantiated altera_merlin_width_adapter "ARM_A9_HPS_h2f_axi_master_wr_rsp_width_adapter"
Info: Reusing file C:/intelFPGA_lite/18.1/projects/anomaly_detection/dma_platform/synthesis/submodules/altera_merlin_address_alignment.sv
Info: Reusing file C:/intelFPGA_lite/18.1/projects/anomaly_detection/dma_platform/synthesis/submodules/altera_merlin_burst_uncompressor.sv
Info: avalon_st_adapter: "mm_interconnect_0" instantiated altera_avalon_st_adapter "avalon_st_adapter"
Info: router: "mm_interconnect_1" instantiated altera_merlin_router "router"
Info: router_002: "mm_interconnect_1" instantiated altera_merlin_router "router_002"
Info: ARM_A9_HPS_h2f_lw_axi_master_wr_limiter: "mm_interconnect_1" instantiated altera_merlin_traffic_limiter "ARM_A9_HPS_h2f_lw_axi_master_wr_limiter"
Info: Reusing file C:/intelFPGA_lite/18.1/projects/anomaly_detection/dma_platform/synthesis/submodules/altera_avalon_sc_fifo.v
Info: Reusing file C:/intelFPGA_lite/18.1/projects/anomaly_detection/dma_platform/synthesis/submodules/altera_avalon_st_pipeline_base.v
Info: cmd_demux: "mm_interconnect_1" instantiated altera_merlin_demultiplexer "cmd_demux"
Info: cmd_mux: "mm_interconnect_1" instantiated altera_merlin_multiplexer "cmd_mux"
Info: Reusing file C:/intelFPGA_lite/18.1/projects/anomaly_detection/dma_platform/synthesis/submodules/altera_merlin_arbitrator.sv
Info: rsp_demux: "mm_interconnect_1" instantiated altera_merlin_demultiplexer "rsp_demux"
Info: rsp_mux: "mm_interconnect_1" instantiated altera_merlin_multiplexer "rsp_mux"
Info: Reusing file C:/intelFPGA_lite/18.1/projects/anomaly_detection/dma_platform/synthesis/submodules/altera_merlin_arbitrator.sv
Info: avalon_st_adapter: "mm_interconnect_1" instantiated altera_avalon_st_adapter "avalon_st_adapter"
Info: border: "hps_io" instantiated altera_interface_generator "border"
Info: error_adapter_0: "avalon_st_adapter" instantiated error_adapter "error_adapter_0"
Info: error_adapter_0: "avalon_st_adapter" instantiated error_adapter "error_adapter_0"
Info: dma_platform: Done "dma_platform" with 45 modules, 109 files
Info: Generating third-party timing and resource estimation model ...
Error: Third-party timing and resource estimation model project creation failed: C:/intelfpga_lite/18.1/quartus\bin64/quartus_sh -t quartus_greybox.tcl
Info: qsys-generate succeeded.
Info: Finished: Create HDL design files for synthesis
